<?xml version="1.0" encoding="UTF-8"?>
<testng-results ignored="0" total="1" passed="1" failed="0" skipped="0">
  <reporter-output>
  </reporter-output>
  <suite started-at="2024-08-01T16:19:54 CEST" name="Surefire suite" finished-at="2024-08-01T16:19:54 CEST" duration-ms="32">
    <groups>
    </groups>
    <test started-at="2024-08-01T16:19:54 CEST" name="Surefire test" finished-at="2024-08-01T16:19:54 CEST" duration-ms="32">
      <class name="com.example.AppTest">
        <test-method signature="BookTest()[pri:0, instance:com.example.AppTest@15b3e5b]" started-at="2024-08-01T16:19:54 CEST" name="BookTest" finished-at="2024-08-01T16:19:54 CEST" duration-ms="6" status="PASS">
          <reporter-output>
          </reporter-output>
        </test-method> <!-- BookTest -->
      </class> <!-- com.example.AppTest -->
    </test> <!-- Surefire test -->
  </suite> <!-- Surefire suite -->
</testng-results>
